app/build/intermediates/manifest_merge_blame_file/fdroidRelease/manifest-merger-blame-fdroid-release-report.txt
1<?xml version="1.0" encoding="utf-8"?>
2<manifest xmlns:android="http://schemas.android.com/apk/res/android"
3    package="com.goodwy.dialer"
4    android:installLocation="auto"
5    android:versionCode="1"
6    android:versionName="9.11" >
7
8    <uses-sdk
9        android:minSdkVersion="26"
9-->src/main/AndroidManifest.xml
10        android:targetSdkVersion="33" />
10-->src/main/AndroidManifest.xml
11
12    <uses-permission android:name="android.permission.READ_CONTACTS" />
12-->src/main/AndroidManifest.xml:7:5-72
12-->src/main/AndroidManifest.xml:7:22-69
13    <uses-permission android:name="android.permission.READ_EXTERNAL_STORAGE" />
13-->src/main/AndroidManifest.xml:8:5-80
13-->src/main/AndroidManifest.xml:8:22-77
14    <uses-permission android:name="android.permission.WRITE_CONTACTS" />
14-->src/main/AndroidManifest.xml:9:5-73
14-->src/main/AndroidManifest.xml:9:22-70
15    <uses-permission android:name="android.permission.READ_PHONE_STATE" />
15-->src/main/AndroidManifest.xml:10:5-75
15-->src/main/AndroidManifest.xml:10:22-72
16    <uses-permission android:name="android.permission.CALL_PHONE" />
16-->src/main/AndroidManifest.xml:11:5-69
16-->src/main/AndroidManifest.xml:11:22-66
17    <uses-permission android:name="android.permission.READ_CALL_LOG" />
17-->src/main/AndroidManifest.xml:12:5-72
17-->src/main/AndroidManifest.xml:12:22-69
18    <uses-permission android:name="android.permission.WRITE_CALL_LOG" />
18-->src/main/AndroidManifest.xml:13:5-73
18-->src/main/AndroidManifest.xml:13:22-70
19    <uses-permission android:name="android.permission.WAKE_LOCK" />
19-->src/main/AndroidManifest.xml:14:5-68
19-->src/main/AndroidManifest.xml:14:22-65
20    <uses-permission android:name="android.permission.ANSWER_PHONE_CALLS" />
20-->src/main/AndroidManifest.xml:15:5-77
20-->src/main/AndroidManifest.xml:15:22-74
21    <uses-permission android:name="android.permission.FOREGROUND_SERVICE" />
21-->src/main/AndroidManifest.xml:16:5-77
21-->src/main/AndroidManifest.xml:16:22-74
22    <uses-permission android:name="android.permission.MANAGE_OWN_CALLS" />
22-->src/main/AndroidManifest.xml:17:5-75
22-->src/main/AndroidManifest.xml:17:22-72
23    <uses-permission android:name="android.permission.MODIFY_AUDIO_SETTINGS" />
23-->src/main/AndroidManifest.xml:18:5-80
23-->src/main/AndroidManifest.xml:18:22-77
24    <uses-permission android:name="android.permission.RECORD_AUDIO" />
24-->src/main/AndroidManifest.xml:19:5-71
24-->src/main/AndroidManifest.xml:19:22-68
25    <uses-permission android:name="android.permission.SYSTEM_ALERT_WINDOW" />
25-->src/main/AndroidManifest.xml:20:5-78
25-->src/main/AndroidManifest.xml:20:22-75
26    <uses-permission android:name="android.telecom.action.CONFIGURE_PHONE_ACCOUNT" />
26-->src/main/AndroidManifest.xml:21:5-86
26-->src/main/AndroidManifest.xml:21:22-83
27    <uses-permission android:name="android.permission.VIBRATE" />
27-->src/main/AndroidManifest.xml:22:5-66
27-->src/main/AndroidManifest.xml:22:22-63
28    <uses-permission android:name="android.permission.POST_NOTIFICATIONS" />
28-->src/main/AndroidManifest.xml:23:5-77
28-->src/main/AndroidManifest.xml:23:22-74
29    <uses-permission android:name="android.permission.USE_FULL_SCREEN_INTENT" />
29-->src/main/AndroidManifest.xml:24:5-81
29-->src/main/AndroidManifest.xml:24:22-78
30    <uses-permission android:name="com.android.vending.BILLING" />
30-->src/main/AndroidManifest.xml:25:5-67
30-->src/main/AndroidManifest.xml:25:22-64
31    <uses-permission
31-->src/main/AndroidManifest.xml:27:5-29:38
32        android:name="android.permission.WRITE_EXTERNAL_STORAGE"
32-->src/main/AndroidManifest.xml:28:9-65
33        android:maxSdkVersion="28" />
33-->src/main/AndroidManifest.xml:29:9-35
34
35    <queries>
35-->src/main/AndroidManifest.xml:35:5-44:15
36        <package android:name="com.leos.phone" />
36-->src/main/AndroidManifest.xml:36:9-50
36-->src/main/AndroidManifest.xml:36:18-47
37        <package android:name="com.leos.phone" />
37-->src/main/AndroidManifest.xml:36:9-50
37-->src/main/AndroidManifest.xml:36:18-47
38        <package android:name="com.goodwy.contacts.debug" />
38-->src/main/AndroidManifest.xml:38:9-61
38-->src/main/AndroidManifest.xml:38:18-58
39        <package android:name="com.goodwy.contacts" />
39-->src/main/AndroidManifest.xml:39:9-55
39-->src/main/AndroidManifest.xml:39:18-52
40        <package android:name="com.goodwy.smsmessenger.debug" />
40-->src/main/AndroidManifest.xml:40:9-65
40-->src/main/AndroidManifest.xml:40:18-62
41        <package android:name="com.goodwy.smsmessenger" />
41-->src/main/AndroidManifest.xml:41:9-59
41-->src/main/AndroidManifest.xml:41:18-56
42        <package android:name="com.goodwy.voicerecorder.debug" />
42-->src/main/AndroidManifest.xml:42:9-66
42-->src/main/AndroidManifest.xml:42:18-63
43        <package android:name="com.goodwy.voicerecorder" />
43-->src/main/AndroidManifest.xml:43:9-60
43-->src/main/AndroidManifest.xml:43:18-57
44        <package android:name="com.goodwy.audiobook.debug" />
44-->[commons-debug.aar] AndroidManifest.xml:11:9-62
44-->[commons-debug.aar] AndroidManifest.xml:11:18-59
45        <package android:name="com.goodwy.audiobook" />
45-->[commons-debug.aar] AndroidManifest.xml:12:9-56
45-->[commons-debug.aar] AndroidManifest.xml:12:18-53
46        <package android:name="com.goodwy.files.debug" />
46-->[commons-debug.aar] AndroidManifest.xml:15:9-58
46-->[commons-debug.aar] AndroidManifest.xml:15:18-55
47        <package android:name="com.goodwy.files" />
47-->[commons-debug.aar] AndroidManifest.xml:16:9-52
47-->[commons-debug.aar] AndroidManifest.xml:16:18-49
48        <package android:name="com.goodwy.dialer.debug" />
48-->[commons-debug.aar] AndroidManifest.xml:17:9-59
48-->[commons-debug.aar] AndroidManifest.xml:17:18-56
49        <package android:name="com.goodwy.dialer" />
49-->[commons-debug.aar] AndroidManifest.xml:18:9-53
49-->[commons-debug.aar] AndroidManifest.xml:18:18-50
50    </queries>
51
52    <uses-feature
52-->[commons-debug.aar] AndroidManifest.xml:25:5-27:36
53        android:name="android.hardware.faketouch"
53-->[commons-debug.aar] AndroidManifest.xml:26:9-50
54        android:required="false" />
54-->[commons-debug.aar] AndroidManifest.xml:27:9-33
55    <uses-feature
55-->[commons-debug.aar] AndroidManifest.xml:28:5-30:36
56        android:name="android.hardware.screen.portrait"
56-->[commons-debug.aar] AndroidManifest.xml:29:9-56
57        android:required="false" /> <!-- for android -->
57-->[commons-debug.aar] AndroidManifest.xml:30:9-33
58    <!-- <uses-permission android:name="com.android.launcher.permission.READ_SETTINGS"/> -->
59    <!-- <uses-permission android:name="com.android.launcher.permission.WRITE_SETTINGS"/> -->
60    <!-- <uses-permission android:name="com.android.launcher.permission.INSTALL_SHORTCUT" /> -->
61    <!-- <uses-permission android:name="com.android.launcher.permission.UNINSTALL_SHORTCUT" /> -->
62    <!-- for Samsung -->
63    <uses-permission android:name="com.sec.android.provider.badge.permission.READ" />
63-->[me.leolin:ShortcutBadger:1.1.22] AndroidManifest.xml:19:5-86
63-->[me.leolin:ShortcutBadger:1.1.22] AndroidManifest.xml:19:22-83
64    <uses-permission android:name="com.sec.android.provider.badge.permission.WRITE" /> <!-- for htc -->
64-->[me.leolin:ShortcutBadger:1.1.22] AndroidManifest.xml:20:5-87
64-->[me.leolin:ShortcutBadger:1.1.22] AndroidManifest.xml:20:22-84
65    <uses-permission android:name="com.htc.launcher.permission.READ_SETTINGS" />
65-->[me.leolin:ShortcutBadger:1.1.22] AndroidManifest.xml:23:5-81
65-->[me.leolin:ShortcutBadger:1.1.22] AndroidManifest.xml:23:22-78
66    <uses-permission android:name="com.htc.launcher.permission.UPDATE_SHORTCUT" /> <!-- for sony -->
66-->[me.leolin:ShortcutBadger:1.1.22] AndroidManifest.xml:24:5-83
66-->[me.leolin:ShortcutBadger:1.1.22] AndroidManifest.xml:24:22-80
67    <uses-permission android:name="com.sonyericsson.home.permission.BROADCAST_BADGE" />
67-->[me.leolin:ShortcutBadger:1.1.22] AndroidManifest.xml:27:5-88
67-->[me.leolin:ShortcutBadger:1.1.22] AndroidManifest.xml:27:22-85
68    <uses-permission android:name="com.sonymobile.home.permission.PROVIDER_INSERT_BADGE" /> <!-- for apex -->
68-->[me.leolin:ShortcutBadger:1.1.22] AndroidManifest.xml:28:5-92
68-->[me.leolin:ShortcutBadger:1.1.22] AndroidManifest.xml:28:22-89
69    <uses-permission android:name="com.anddoes.launcher.permission.UPDATE_COUNT" /> <!-- for solid -->
69-->[me.leolin:ShortcutBadger:1.1.22] AndroidManifest.xml:31:5-84
69-->[me.leolin:ShortcutBadger:1.1.22] AndroidManifest.xml:31:22-81
70    <uses-permission android:name="com.majeur.launcher.permission.UPDATE_BADGE" /> <!-- for huawei -->
70-->[me.leolin:ShortcutBadger:1.1.22] AndroidManifest.xml:34:5-83
70-->[me.leolin:ShortcutBadger:1.1.22] AndroidManifest.xml:34:22-80
71    <uses-permission android:name="com.huawei.android.launcher.permission.CHANGE_BADGE" />
71-->[me.leolin:ShortcutBadger:1.1.22] AndroidManifest.xml:37:5-91
71-->[me.leolin:ShortcutBadger:1.1.22] AndroidManifest.xml:37:22-88
72    <uses-permission android:name="com.huawei.android.launcher.permission.READ_SETTINGS" />
72-->[me.leolin:ShortcutBadger:1.1.22] AndroidManifest.xml:38:5-92
72-->[me.leolin:ShortcutBadger:1.1.22] AndroidManifest.xml:38:22-89
73    <uses-permission android:name="com.huawei.android.launcher.permission.WRITE_SETTINGS" /> <!-- for ZUK -->
73-->[me.leolin:ShortcutBadger:1.1.22] AndroidManifest.xml:39:5-93
73-->[me.leolin:ShortcutBadger:1.1.22] AndroidManifest.xml:39:22-90
74    <uses-permission android:name="android.permission.READ_APP_BADGE" /> <!-- for OPPO -->
74-->[me.leolin:ShortcutBadger:1.1.22] AndroidManifest.xml:42:5-73
74-->[me.leolin:ShortcutBadger:1.1.22] AndroidManifest.xml:42:22-70
75    <uses-permission android:name="com.oppo.launcher.permission.READ_SETTINGS" />
75-->[me.leolin:ShortcutBadger:1.1.22] AndroidManifest.xml:45:5-82
75-->[me.leolin:ShortcutBadger:1.1.22] AndroidManifest.xml:45:22-79
76    <uses-permission android:name="com.oppo.launcher.permission.WRITE_SETTINGS" /> <!-- for EvMe -->
76-->[me.leolin:ShortcutBadger:1.1.22] AndroidManifest.xml:46:5-83
76-->[me.leolin:ShortcutBadger:1.1.22] AndroidManifest.xml:46:22-80
77    <uses-permission android:name="me.everything.badger.permission.BADGE_COUNT_READ" />
77-->[me.leolin:ShortcutBadger:1.1.22] AndroidManifest.xml:49:5-88
77-->[me.leolin:ShortcutBadger:1.1.22] AndroidManifest.xml:49:22-85
78    <uses-permission android:name="me.everything.badger.permission.BADGE_COUNT_WRITE" />
78-->[me.leolin:ShortcutBadger:1.1.22] AndroidManifest.xml:50:5-89
78-->[me.leolin:ShortcutBadger:1.1.22] AndroidManifest.xml:50:22-86
79
80    <application
80-->src/main/AndroidManifest.xml:46:5-475:19
81        android:name="com.goodwy.dialer.App"
81-->src/main/AndroidManifest.xml:47:9-28
82        android:allowBackup="true"
82-->src/main/AndroidManifest.xml:48:9-35
83        android:appCategory="productivity"
83-->src/main/AndroidManifest.xml:49:9-43
84        android:appComponentFactory="androidx.core.app.CoreComponentFactory"
84-->[androidx.core:core:1.8.0] AndroidManifest.xml:24:18-86
85        android:extractNativeLibs="false"
86        android:icon="@mipmap/ic_launcher"
86-->src/main/AndroidManifest.xml:50:9-43
87        android:label="LeOS-Phone"
87-->src/main/AndroidManifest.xml:51:9-35
88        android:roundIcon="@mipmap/ic_launcher"
88-->src/main/AndroidManifest.xml:52:9-48
89        android:supportsRtl="true"
89-->[commons-debug.aar] AndroidManifest.xml:41:18-44
90        android:theme="@style/AppTheme" >
90-->src/main/AndroidManifest.xml:53:9-40
91        <activity
91-->src/main/AndroidManifest.xml:55:9-58:50
92            android:name="com.goodwy.dialer.activities.SplashActivity"
92-->src/main/AndroidManifest.xml:56:13-54
93            android:exported="false"
93-->src/main/AndroidManifest.xml:57:13-37
94            android:theme="@style/SplashTheme" />
94-->src/main/AndroidManifest.xml:58:13-47
95
96        <activity-alias
96-->src/main/AndroidManifest.xml:462:9-474:26
97            android:name="com.goodwy.dialer.activities.SplashActivity.Grey_black"
97-->src/main/AndroidManifest.xml:463:13-65
98            android:enabled="false"
98-->src/main/AndroidManifest.xml:464:13-36
99            android:exported="true"
99-->src/main/AndroidManifest.xml:465:13-36
100            android:icon="@mipmap/ic_launcher_grey_black"
100-->src/main/AndroidManifest.xml:466:13-58
101            android:roundIcon="@mipmap/ic_launcher_grey_black"
101-->src/main/AndroidManifest.xml:467:13-63
102            android:targetActivity="com.goodwy.dialer.activities.SplashActivity" >
102-->src/main/AndroidManifest.xml:468:13-64
103            <intent-filter>
103-->src/main/AndroidManifest.xml:219:13-222:29
104                <action android:name="android.intent.action.MAIN" />
104-->src/main/AndroidManifest.xml:220:17-69
104-->src/main/AndroidManifest.xml:220:25-66
105
106                <category android:name="android.intent.category.LAUNCHER" />
106-->src/main/AndroidManifest.xml:221:17-77
106-->src/main/AndroidManifest.xml:221:27-74
107            </intent-filter>
108        </activity-alias>
109        <activity-alias
109-->src/main/AndroidManifest.xml:448:9-460:26
110            android:name="com.goodwy.dialer.activities.SplashActivity.Blue_grey"
110-->src/main/AndroidManifest.xml:449:13-64
111            android:enabled="false"
111-->src/main/AndroidManifest.xml:450:13-36
112            android:exported="true"
112-->src/main/AndroidManifest.xml:451:13-36
113            android:icon="@mipmap/ic_launcher_blue_grey"
113-->src/main/AndroidManifest.xml:452:13-57
114            android:roundIcon="@mipmap/ic_launcher_blue_grey"
114-->src/main/AndroidManifest.xml:453:13-62
115            android:targetActivity="com.goodwy.dialer.activities.SplashActivity" >
115-->src/main/AndroidManifest.xml:454:13-64
116            <intent-filter>
116-->src/main/AndroidManifest.xml:219:13-222:29
117                <action android:name="android.intent.action.MAIN" />
117-->src/main/AndroidManifest.xml:220:17-69
117-->src/main/AndroidManifest.xml:220:25-66
118
119                <category android:name="android.intent.category.LAUNCHER" />
119-->src/main/AndroidManifest.xml:221:17-77
119-->src/main/AndroidManifest.xml:221:27-74
120            </intent-filter>
121        </activity-alias>
122        <activity-alias
122-->src/main/AndroidManifest.xml:434:9-446:26
123            android:name="com.goodwy.dialer.activities.SplashActivity.Brown"
123-->src/main/AndroidManifest.xml:435:13-60
124            android:enabled="false"
124-->src/main/AndroidManifest.xml:436:13-36
125            android:exported="true"
125-->src/main/AndroidManifest.xml:437:13-36
126            android:icon="@mipmap/ic_launcher_brown"
126-->src/main/AndroidManifest.xml:438:13-53
127            android:roundIcon="@mipmap/ic_launcher_brown"
127-->src/main/AndroidManifest.xml:439:13-58
128            android:targetActivity="com.goodwy.dialer.activities.SplashActivity" >
128-->src/main/AndroidManifest.xml:440:13-64
129            <intent-filter>
129-->src/main/AndroidManifest.xml:219:13-222:29
130                <action android:name="android.intent.action.MAIN" />
130-->src/main/AndroidManifest.xml:220:17-69
130-->src/main/AndroidManifest.xml:220:25-66
131
132                <category android:name="android.intent.category.LAUNCHER" />
132-->src/main/AndroidManifest.xml:221:17-77
132-->src/main/AndroidManifest.xml:221:27-74
133            </intent-filter>
134        </activity-alias>
135        <activity-alias
135-->src/main/AndroidManifest.xml:420:9-432:26
136            android:name="com.goodwy.dialer.activities.SplashActivity.Deep_orange"
136-->src/main/AndroidManifest.xml:421:13-66
137            android:enabled="false"
137-->src/main/AndroidManifest.xml:422:13-36
138            android:exported="true"
138-->src/main/AndroidManifest.xml:423:13-36
139            android:icon="@mipmap/ic_launcher_deep_orange"
139-->src/main/AndroidManifest.xml:424:13-59
140            android:roundIcon="@mipmap/ic_launcher_deep_orange"
140-->src/main/AndroidManifest.xml:425:13-64
141            android:targetActivity="com.goodwy.dialer.activities.SplashActivity" >
141-->src/main/AndroidManifest.xml:426:13-64
142            <intent-filter>
142-->src/main/AndroidManifest.xml:219:13-222:29
143                <action android:name="android.intent.action.MAIN" />
143-->src/main/AndroidManifest.xml:220:17-69
143-->src/main/AndroidManifest.xml:220:25-66
144
145                <category android:name="android.intent.category.LAUNCHER" />
145-->src/main/AndroidManifest.xml:221:17-77
145-->src/main/AndroidManifest.xml:221:27-74
146            </intent-filter>
147        </activity-alias>
148        <activity-alias
148-->src/main/AndroidManifest.xml:407:9-418:26
149            android:name="com.goodwy.dialer.activities.SplashActivity.Orange"
149-->src/main/AndroidManifest.xml:408:13-61
150            android:enabled="true"
150-->src/main/AndroidManifest.xml:409:13-35
151            android:exported="true"
151-->src/main/AndroidManifest.xml:410:13-36
152            android:icon="@mipmap/ic_launcher"
152-->src/main/AndroidManifest.xml:411:13-47
153            android:roundIcon="@mipmap/ic_launcher"
153-->src/main/AndroidManifest.xml:412:13-52
154            android:targetActivity="com.goodwy.dialer.activities.SplashActivity" >
154-->src/main/AndroidManifest.xml:413:13-64
155            <intent-filter>
155-->src/main/AndroidManifest.xml:219:13-222:29
156                <action android:name="android.intent.action.MAIN" />
156-->src/main/AndroidManifest.xml:220:17-69
156-->src/main/AndroidManifest.xml:220:25-66
157
158                <category android:name="android.intent.category.LAUNCHER" />
158-->src/main/AndroidManifest.xml:221:17-77
158-->src/main/AndroidManifest.xml:221:27-74
159            </intent-filter>
160        </activity-alias>
161        <activity-alias
161-->src/main/AndroidManifest.xml:393:9-405:26
162            android:name="com.goodwy.dialer.activities.SplashActivity.Amber"
162-->src/main/AndroidManifest.xml:394:13-60
163            android:enabled="false"
163-->src/main/AndroidManifest.xml:395:13-36
164            android:exported="true"
164-->src/main/AndroidManifest.xml:396:13-36
165            android:icon="@mipmap/ic_launcher_amber"
165-->src/main/AndroidManifest.xml:397:13-53
166            android:roundIcon="@mipmap/ic_launcher_amber"
166-->src/main/AndroidManifest.xml:398:13-58
167            android:targetActivity="com.goodwy.dialer.activities.SplashActivity" >
167-->src/main/AndroidManifest.xml:399:13-64
168            <intent-filter>
168-->src/main/AndroidManifest.xml:219:13-222:29
169                <action android:name="android.intent.action.MAIN" />
169-->src/main/AndroidManifest.xml:220:17-69
169-->src/main/AndroidManifest.xml:220:25-66
170
171                <category android:name="android.intent.category.LAUNCHER" />
171-->src/main/AndroidManifest.xml:221:17-77
171-->src/main/AndroidManifest.xml:221:27-74
172            </intent-filter>
173        </activity-alias>
174        <activity-alias
174-->src/main/AndroidManifest.xml:379:9-391:26
175            android:name="com.goodwy.dialer.activities.SplashActivity.Yellow"
175-->src/main/AndroidManifest.xml:380:13-61
176            android:enabled="false"
176-->src/main/AndroidManifest.xml:381:13-36
177            android:exported="true"
177-->src/main/AndroidManifest.xml:382:13-36
178            android:icon="@mipmap/ic_launcher_yellow"
178-->src/main/AndroidManifest.xml:383:13-54
179            android:roundIcon="@mipmap/ic_launcher_yellow"
179-->src/main/AndroidManifest.xml:384:13-59
180            android:targetActivity="com.goodwy.dialer.activities.SplashActivity" >
180-->src/main/AndroidManifest.xml:385:13-64
181            <intent-filter>
181-->src/main/AndroidManifest.xml:219:13-222:29
182                <action android:name="android.intent.action.MAIN" />
182-->src/main/AndroidManifest.xml:220:17-69
182-->src/main/AndroidManifest.xml:220:25-66
183
184                <category android:name="android.intent.category.LAUNCHER" />
184-->src/main/AndroidManifest.xml:221:17-77
184-->src/main/AndroidManifest.xml:221:27-74
185            </intent-filter>
186        </activity-alias>
187        <activity-alias
187-->src/main/AndroidManifest.xml:365:9-377:26
188            android:name="com.goodwy.dialer.activities.SplashActivity.Lime"
188-->src/main/AndroidManifest.xml:366:13-59
189            android:enabled="false"
189-->src/main/AndroidManifest.xml:367:13-36
190            android:exported="true"
190-->src/main/AndroidManifest.xml:368:13-36
191            android:icon="@mipmap/ic_launcher_lime"
191-->src/main/AndroidManifest.xml:369:13-52
192            android:roundIcon="@mipmap/ic_launcher_lime"
192-->src/main/AndroidManifest.xml:370:13-57
193            android:targetActivity="com.goodwy.dialer.activities.SplashActivity" >
193-->src/main/AndroidManifest.xml:371:13-64
194            <intent-filter>
194-->src/main/AndroidManifest.xml:219:13-222:29
195                <action android:name="android.intent.action.MAIN" />
195-->src/main/AndroidManifest.xml:220:17-69
195-->src/main/AndroidManifest.xml:220:25-66
196
197                <category android:name="android.intent.category.LAUNCHER" />
197-->src/main/AndroidManifest.xml:221:17-77
197-->src/main/AndroidManifest.xml:221:27-74
198            </intent-filter>
199        </activity-alias>
200        <activity-alias
200-->src/main/AndroidManifest.xml:351:9-363:26
201            android:name="com.goodwy.dialer.activities.SplashActivity.Light_green"
201-->src/main/AndroidManifest.xml:352:13-66
202            android:enabled="false"
202-->src/main/AndroidManifest.xml:353:13-36
203            android:exported="true"
203-->src/main/AndroidManifest.xml:354:13-36
204            android:icon="@mipmap/ic_launcher_light_green"
204-->src/main/AndroidManifest.xml:355:13-59
205            android:roundIcon="@mipmap/ic_launcher_light_green"
205-->src/main/AndroidManifest.xml:356:13-64
206            android:targetActivity="com.goodwy.dialer.activities.SplashActivity" >
206-->src/main/AndroidManifest.xml:357:13-64
207            <intent-filter>
207-->src/main/AndroidManifest.xml:219:13-222:29
208                <action android:name="android.intent.action.MAIN" />
208-->src/main/AndroidManifest.xml:220:17-69
208-->src/main/AndroidManifest.xml:220:25-66
209
210                <category android:name="android.intent.category.LAUNCHER" />
210-->src/main/AndroidManifest.xml:221:17-77
210-->src/main/AndroidManifest.xml:221:27-74
211            </intent-filter>
212        </activity-alias>
213        <activity-alias
213-->src/main/AndroidManifest.xml:337:9-349:26
214            android:name="com.goodwy.dialer.activities.SplashActivity.Green"
214-->src/main/AndroidManifest.xml:338:13-60
215            android:enabled="false"
215-->src/main/AndroidManifest.xml:339:13-36
216            android:exported="true"
216-->src/main/AndroidManifest.xml:340:13-36
217            android:icon="@mipmap/ic_launcher_green"
217-->src/main/AndroidManifest.xml:341:13-53
218            android:roundIcon="@mipmap/ic_launcher_green"
218-->src/main/AndroidManifest.xml:342:13-58
219            android:targetActivity="com.goodwy.dialer.activities.SplashActivity" >
219-->src/main/AndroidManifest.xml:343:13-64
220            <intent-filter>
220-->src/main/AndroidManifest.xml:219:13-222:29
221                <action android:name="android.intent.action.MAIN" />
221-->src/main/AndroidManifest.xml:220:17-69
221-->src/main/AndroidManifest.xml:220:25-66
222
223                <category android:name="android.intent.category.LAUNCHER" />
223-->src/main/AndroidManifest.xml:221:17-77
223-->src/main/AndroidManifest.xml:221:27-74
224            </intent-filter>
225        </activity-alias>
226        <activity-alias
226-->src/main/AndroidManifest.xml:323:9-335:26
227            android:name="com.goodwy.dialer.activities.SplashActivity.Teal"
227-->src/main/AndroidManifest.xml:324:13-59
228            android:enabled="false"
228-->src/main/AndroidManifest.xml:325:13-36
229            android:exported="true"
229-->src/main/AndroidManifest.xml:326:13-36
230            android:icon="@mipmap/ic_launcher_teal"
230-->src/main/AndroidManifest.xml:327:13-52
231            android:roundIcon="@mipmap/ic_launcher_teal"
231-->src/main/AndroidManifest.xml:328:13-57
232            android:targetActivity="com.goodwy.dialer.activities.SplashActivity" >
232-->src/main/AndroidManifest.xml:329:13-64
233            <intent-filter>
233-->src/main/AndroidManifest.xml:219:13-222:29
234                <action android:name="android.intent.action.MAIN" />
234-->src/main/AndroidManifest.xml:220:17-69
234-->src/main/AndroidManifest.xml:220:25-66
235
236                <category android:name="android.intent.category.LAUNCHER" />
236-->src/main/AndroidManifest.xml:221:17-77
236-->src/main/AndroidManifest.xml:221:27-74
237            </intent-filter>
238        </activity-alias>
239        <activity-alias
239-->src/main/AndroidManifest.xml:309:9-321:26
240            android:name="com.goodwy.dialer.activities.SplashActivity.Cyan"
240-->src/main/AndroidManifest.xml:310:13-59
241            android:enabled="false"
241-->src/main/AndroidManifest.xml:311:13-36
242            android:exported="true"
242-->src/main/AndroidManifest.xml:312:13-36
243            android:icon="@mipmap/ic_launcher_cyan"
243-->src/main/AndroidManifest.xml:313:13-52
244            android:roundIcon="@mipmap/ic_launcher_cyan"
244-->src/main/AndroidManifest.xml:314:13-57
245            android:targetActivity="com.goodwy.dialer.activities.SplashActivity" >
245-->src/main/AndroidManifest.xml:315:13-64
246            <intent-filter>
246-->src/main/AndroidManifest.xml:219:13-222:29
247                <action android:name="android.intent.action.MAIN" />
247-->src/main/AndroidManifest.xml:220:17-69
247-->src/main/AndroidManifest.xml:220:25-66
248
249                <category android:name="android.intent.category.LAUNCHER" />
249-->src/main/AndroidManifest.xml:221:17-77
249-->src/main/AndroidManifest.xml:221:27-74
250            </intent-filter>
251        </activity-alias>
252        <activity-alias
252-->src/main/AndroidManifest.xml:295:9-307:26
253            android:name="com.goodwy.dialer.activities.SplashActivity.Light_blue"
253-->src/main/AndroidManifest.xml:296:13-65
254            android:enabled="false"
254-->src/main/AndroidManifest.xml:297:13-36
255            android:exported="true"
255-->src/main/AndroidManifest.xml:298:13-36
256            android:icon="@mipmap/ic_launcher_light_blue"
256-->src/main/AndroidManifest.xml:299:13-58
257            android:roundIcon="@mipmap/ic_launcher_light_blue"
257-->src/main/AndroidManifest.xml:300:13-63
258            android:targetActivity="com.goodwy.dialer.activities.SplashActivity" >
258-->src/main/AndroidManifest.xml:301:13-64
259            <intent-filter>
259-->src/main/AndroidManifest.xml:219:13-222:29
260                <action android:name="android.intent.action.MAIN" />
260-->src/main/AndroidManifest.xml:220:17-69
260-->src/main/AndroidManifest.xml:220:25-66
261
262                <category android:name="android.intent.category.LAUNCHER" />
262-->src/main/AndroidManifest.xml:221:17-77
262-->src/main/AndroidManifest.xml:221:27-74
263            </intent-filter>
264        </activity-alias>
265        <activity-alias
265-->src/main/AndroidManifest.xml:281:9-293:26
266            android:name="com.goodwy.dialer.activities.SplashActivity.Blue"
266-->src/main/AndroidManifest.xml:282:13-59
267            android:enabled="false"
267-->src/main/AndroidManifest.xml:283:13-36
268            android:exported="true"
268-->src/main/AndroidManifest.xml:284:13-36
269            android:icon="@mipmap/ic_launcher_blue"
269-->src/main/AndroidManifest.xml:285:13-52
270            android:roundIcon="@mipmap/ic_launcher_blue"
270-->src/main/AndroidManifest.xml:286:13-57
271            android:targetActivity="com.goodwy.dialer.activities.SplashActivity" >
271-->src/main/AndroidManifest.xml:287:13-64
272            <intent-filter>
272-->src/main/AndroidManifest.xml:219:13-222:29
273                <action android:name="android.intent.action.MAIN" />
273-->src/main/AndroidManifest.xml:220:17-69
273-->src/main/AndroidManifest.xml:220:25-66
274
275                <category android:name="android.intent.category.LAUNCHER" />
275-->src/main/AndroidManifest.xml:221:17-77
275-->src/main/AndroidManifest.xml:221:27-74
276            </intent-filter>
277        </activity-alias>
278        <activity-alias
278-->src/main/AndroidManifest.xml:267:9-279:26
279            android:name="com.goodwy.dialer.activities.SplashActivity.Indigo"
279-->src/main/AndroidManifest.xml:268:13-61
280            android:enabled="false"
280-->src/main/AndroidManifest.xml:269:13-36
281            android:exported="true"
281-->src/main/AndroidManifest.xml:270:13-36
282            android:icon="@mipmap/ic_launcher_indigo"
282-->src/main/AndroidManifest.xml:271:13-54
283            android:roundIcon="@mipmap/ic_launcher_indigo"
283-->src/main/AndroidManifest.xml:272:13-59
284            android:targetActivity="com.goodwy.dialer.activities.SplashActivity" >
284-->src/main/AndroidManifest.xml:273:13-64
285            <intent-filter>
285-->src/main/AndroidManifest.xml:219:13-222:29
286                <action android:name="android.intent.action.MAIN" />
286-->src/main/AndroidManifest.xml:220:17-69
286-->src/main/AndroidManifest.xml:220:25-66
287
288                <category android:name="android.intent.category.LAUNCHER" />
288-->src/main/AndroidManifest.xml:221:17-77
288-->src/main/AndroidManifest.xml:221:27-74
289            </intent-filter>
290        </activity-alias>
291        <activity-alias
291-->src/main/AndroidManifest.xml:253:9-265:26
292            android:name="com.goodwy.dialer.activities.SplashActivity.Deep_purple"
292-->src/main/AndroidManifest.xml:254:13-66